#S2
#Titel Lifestyle - Inhalt
#Logo gadget32:pinsel/ag.Lifestyle
#Font topaz 8
#C31
Musik

#C10
Genesis                 :
#C21
#Y-10
                            "Calling All Stations" ..............   1
#C10
Blackmore's Night       :
#C21
#Y-10
                            "Shadow Of The Moon" ................  17

#C31
Konzerte
#C21

Manfred Mann's Earth.. ..  30

#C31
Kult
#C21

Oliver Hardy ............  37

#C31
Frühstyxradio
#C21

I-Law: Niedergeschlagen .  40
Weltuntergang ...........  46
#Spaltenende
#Y+77
#C31
Kulinarisches
#C21

Kartoffelgratin .........  53

#C31
Literatur
#C21

Erich Kästner ...........  56


#C10
"The  difference between  sex
 and death is,  death you can
 do  alone and nobody  laughs
 at you."
               -- Woody Allen
#C31
TV
#C21

AkteX - Pamphlet ........  73

#C31
Kino
#C21

Jackie Chan's  Erstschlag  85
Alle sagen: I love you ..  95
Das fünfte Element (1) .. 105
Das fünfte Element (2) .. 107
Men in Black ............ 118
