#S2
#Titel Lifestyle - Inhalt
#Logo gadget44:pinsel/ag.Lifestyle
#Font topaz 8

#C31
Musik

#C10
Marillion     :
#C21
#Y-10
                "marillion.com" ..............................(2)   1
#C10
Dream Theater :
#C21
#Y-10
                "Metropolis Pt. 2 - Scenes From A Memory" .......  20

#C31
Veranstaltungen
#C21

Expo 2000 ...............  32

#C31
Konzert
#C21

Marillion in Köln .......  35

#C31
Kino
#C21

Oscars für Matrix .......  44
Endpartainment ..........  46
#Spaltenende
#Y+177
#C10
"Women are superior to men...
 Too bad we own everything!"
                 -- Tim Allen
