#S2
#Titel Lifestyle - Inhalt
#Logo gadget39:pinsel/ag.Lifestyle
#Font topaz 8
#C31
Musik

#C10
Fish       :
#C21
#Y-10
             "Kettle Of Fish" ...................................   1
#C10
Marillion  :
#C21
#Y-10
             "Misplaced Childhood" (Remaster) ...................   8
#C10
Marillion  :
#C21
#Y-10
             "Brave" (Remaster) .................................  17
#C10
The Urbane :
#C21
#Y-10
             "Neon" .............................................  26

#C31
Konzert
#C21

Marillion in Dieburg ....  32
Arena in Offenbach ......  46
Tote Hosen in Mannheim ..  55

#C31
Literatur
#C21

R. Dawkins: "Gipfel.. " .  65
G. Hüther: "Evolution.. "  72
#Spaltenende
#Y+97
#C31
Kino
#C21

Psychotainment ..........  81

#C10
"Die Serotoninwiederaufnahme-
 hemmer  Dexfenfluramin   und
 Fenfluramin  führen zu einer
 Ausschüttung  von  Serotonin
 und hemmen dessen Wiederauf-
 nahme."
           -- Hanna Herrmann,
                 Dissertation
