#S2
#Titel Lifestyle - Inhalt
#Logo gadget20:pinsel/ag.Lifestyle
#Font topaz 8
#C31
Musik
#C21

Genesis : "Trespass" ....   1
Marillion : "Afraid..." .   8

#C31
TV
#C21

Beavis And Butthead .....  17
Cheers ..................  22
Guter Rat ist teuer .....  31


#C10
 " Vielleicht    haben    die
 Bohemiens auch  deshalb ihre
 Vernisagen  gefeiert,  damit
 sie am nächsten  Tag wußten,
 woher der Kater kommt ?"
      -- Hans-Christof Tuchen
#Spaltenende
#Y+27
#C31
Kino
#C21

Rob Roy .................  36
Die Hard III ............  48
The Kingdom - Geister ...  58
-----> Wettbewerb <-----   65
